
Showing logs for build [32mcb-kubecd-bdd-gh-1579698058-pr-dpx5b-1[0m stage [32mfrom-build-pack[0m and container [32mstep-credential-initializer-8v5xp[0m
{"level":"warn","ts":1579700047.1432126,"logger":"fallback-logger","caller":"logging/config.go:69","msg":"Fetch GitHub commit ID from kodata failed: \"ref: refs/heads/0.8.0-**-support-backwards-incompats\" is not a valid GitHub commit ID"}
{"level":"info","ts":1579700047.143498,"logger":"fallback-logger","caller":"creds-init/main.go:40","msg":"Credentials initialized."}

Showing logs for build [32mcb-kubecd-bdd-gh-1579698058-pr-dpx5b-1[0m stage [32mfrom-build-pack[0m and container [32mstep-working-dir-initializer-5h4sm[0m
{"level":"warn","ts":1579700048.1439986,"logger":"fallback-logger","caller":"logging/config.go:69","msg":"Fetch GitHub commit ID from kodata failed: open /var/run/ko/HEAD: no such file or directory"}
{"level":"info","ts":1579700048.1449034,"logger":"fallback-logger","caller":"bash/main.go:64","msg":"Successfully executed command \"sh -c mkdir -p /workspace/source\"; output "}

Showing logs for build [32mcb-kubecd-bdd-gh-1579698058-pr-dpx5b-1[0m stage [32mfrom-build-pack[0m and container [32mstep-place-tools[0m

Showing logs for build [32mcb-kubecd-bdd-gh-1579698058-pr-dpx5b-1[0m stage [32mfrom-build-pack[0m and container [32mstep-git-source-cb-kubecd-bdd-gh-1579698058-pr-ztn5n[0m
{"level":"warn","ts":1579700053.2504075,"logger":"fallback-logger","caller":"logging/config.go:69","msg":"Fetch GitHub commit ID from kodata failed: \"ref: refs/heads/0.8.0-**-support-backwards-incompats\" is not a valid GitHub commit ID"}
{"level":"info","ts":1579700053.4216478,"logger":"fallback-logger","caller":"git/git.go:103","msg":"Successfully cloned https://github.com/cb-kubecd/bdd-gh-1579698058.git @ master in path /workspace/source"}

Showing logs for build [32mcb-kubecd-bdd-gh-1579698058-pr-dpx5b-1[0m stage [32mfrom-build-pack[0m and container [32mstep-git-merge[0m
Using SHAs from PULL_REFS=master:aca99addf9d566104d0263036d0e9add2506c53a,1:1c436d2f6cb7b8ef24f194be06da027d1f5895c9
DEBUG: ran git fetch --unshallow origin 1c436d2f6cb7b8ef24f194be06da027d1f5895c9: aca99addf9d566104d0263036d0e9add2506c53a: in 
DEBUG: ran git checkout master in 
DEBUG: ran git reset --hard aca99addf9d566104d0263036d0e9add2506c53a in 
DEBUG: ran clean --force -d . in 
DEBUG: ran git merge 1c436d2f6cb7b8ef24f194be06da027d1f5895c9 in 
Merged SHA 1c436d2f6cb7b8ef24f194be06da027d1f5895c9 with commit message 'My first PR commit' into base branch master

Showing logs for build [32mcb-kubecd-bdd-gh-1579698058-pr-dpx5b-1[0m stage [32mfrom-build-pack[0m and container [32mstep-build-make-linux[0m
CGO_ENABLED=0 GOOS=linux GOARCH=amd64 GO15VENDOREXPERIMENT=1 go build -ldflags '' -o bin/bdd-gh-1579698058 main.go

Showing logs for build [32mcb-kubecd-bdd-gh-1579698058-pr-dpx5b-1[0m stage [32mfrom-build-pack[0m and container [32mstep-build-container-build[0m
[36mINFO[0m[0000] No base image, nothing to extract            
[36mINFO[0m[0000] cmd: EXPOSE                                  
[36mINFO[0m[0000] Adding exposed port: 8080/tcp                
[36mINFO[0m[0000] Using files from context: [/workspace/source/bin] 
[36mINFO[0m[0000] Skipping unpacking as no commands require it. 
[36mINFO[0m[0000] Taking snapshot of full filesystem...        
[36mINFO[0m[0000] EXPOSE 8080                                  
[36mINFO[0m[0000] cmd: EXPOSE                                  
[36mINFO[0m[0000] Adding exposed port: 8080/tcp                
[36mINFO[0m[0000] No files changed in this command, skipping snapshotting. 
[36mINFO[0m[0000] ENTRYPOINT ["/bdd-gh-1579698058"]            
[36mINFO[0m[0000] No files changed in this command, skipping snapshotting. 
[36mINFO[0m[0000] Using files from context: [/workspace/source/bin] 
[36mINFO[0m[0000] COPY ./bin/ /                                
[36mINFO[0m[0000] Taking snapshot of files...                  
2020/01/22 13:34:24 pushed blob: sha256:3f557cac2577007f421ad1ab1286f7c7e2f96a698ea4a16efb2304e393df5e02
2020/01/22 13:34:25 pushed blob: sha256:8f1a1be93073d6db12f2ffe5805fb1fbe05ec5d571fcc456fa71c3117d5786c9
2020/01/22 13:34:25 296178596335.dkr.ecr.us-east-1.amazonaws.com/cb-kubecd/bdd-gh-1579698058:0.0.0-SNAPSHOT-PR-1-1: digest: sha256:3067d28818e4d0aa89ef593a839583a06daa2d45a510ddc1046869be99a6c728 size: 428

Showing logs for build [32mcb-kubecd-bdd-gh-1579698058-pr-dpx5b-1[0m stage [32mfrom-build-pack[0m and container [32mstep-postbuild-post-build[0m
no CVE provider running in the current ** namespace so skip adding image to be analysed

Showing logs for build [32mcb-kubecd-bdd-gh-1579698058-pr-dpx5b-1[0m stage [32mfrom-build-pack[0m and container [32mstep-promote-make-preview[0m
sed -i -e "s/version:.*/version: 0.0.0-SNAPSHOT-PR-1-1/" Chart.yaml
sed -i -e "s/version:.*/version: 0.0.0-SNAPSHOT-PR-1-1/" ../*/Chart.yaml
sed -i -e "s|repository:.*|repository: 296178596335.dkr.ecr.us-east-1.amazonaws.com\/cb-kubecd\/bdd-gh-1579698058|" values.yaml
sed -i -e "s/tag:.*/tag: 0.0.0-SNAPSHOT-PR-1-1/" values.yaml
echo "  version: 0.0.0-SNAPSHOT-PR-1-1" >> requirements.yaml
** step helm build
WARNING: No $CHART_REPOSITORY defined so using the default value of: http://jenkins-x-chartmuseum:8080
Adding missing Helm repo: storage.googleapis.com https://storage.googleapis.com/chartmuseum.jenkins-x.io
WARNING: No secrets found on "helm/repos" due: reading the secret "helm/repos" from vault: no secret "helm/repos" not found in vault
Read credentials for https://storage.googleapis.com/chartmuseum.jenkins-x.io from vault helm/repos
Successfully added Helm repository storage.googleapis.com.
Adding missing Helm repo: jenkins-x-chartmuseum http://jenkins-x-chartmuseum:8080
WARNING: No secrets found on "helm/repos" due: reading the secret "helm/repos" from vault: no secret "helm/repos" not found in vault
Read credentials for http://jenkins-x-chartmuseum:8080 from vault helm/repos
Successfully added Helm repository jenkins-x-chartmuseum.
WARNING: No $CHART_REPOSITORY defined so using the default value of: http://jenkins-x-chartmuseum:8080
Adding missing Helm repo: chartmuseum.jenkins-x.io http://chartmuseum.jenkins-x.io
WARNING: No secrets found on "helm/repos" due: reading the secret "helm/repos" from vault: no secret "helm/repos" not found in vault
Read credentials for http://chartmuseum.jenkins-x.io from vault helm/repos
Successfully added Helm repository chartmuseum.jenkins-x.io.

Showing logs for build [32mcb-kubecd-bdd-gh-1579698058-pr-dpx5b-1[0m stage [32mfrom-build-pack[0m and container [32mstep-promote-jx-preview[0m
Creating a preview
Created environment cb-kubecd-bdd-gh-1579698058-pr-1
Namespace **-cb-kubecd-bdd-gh-1579698058-pr-1 created 
expose:
  Annotations:
    helm.sh/hook: post-install,post-upgrade
    helm.sh/hook-delete-policy: hook-succeeded
  config:
    domain: 52.200.76.221.nip.io
    exposer: Ingress
    http: "true"
preview:
  image:
    repository: 296178596335.dkr.ecr.us-east-1.amazonaws.com/cb-kubecd/bdd-gh-1579698058
    tag: 0.0.0-SNAPSHOT-PR-1-1

Updating PipelineActivities cb-kubecd-bdd-gh-1579698058-pr-1-1 which has status 
WARNING: preview application http://bdd-gh-1579698058.**-cb-kubecd-bdd-gh-1579698058-pr-1.52.200.76.221.nip.io not available, error was 503 503 Service Temporarily Unavailable, delaying for: 1.24184896s
WARNING: preview application http://bdd-gh-1579698058.**-cb-kubecd-bdd-gh-1579698058-pr-1.52.200.76.221.nip.io not available, error was 503 503 Service Temporarily Unavailable, delaying for: 1.024387374s
Preview application is now available at: http://bdd-gh-1579698058.**-cb-kubecd-bdd-gh-1579698058-pr-1.52.200.76.221.nip.io
